0 info it worked if it ends with ok
1 verbose cli [ '/home/abalbi/v0.10.4/bin/node',
1 verbose cli   '/home/abalbi/v0.10.4/bin/npm',
1 verbose cli   'install' ]
2 info using npm@1.2.18
3 info using node@v0.10.4
4 verbose read json /home/abalbi/dev/js/ludumjs/package.json
5 warn package.json application-name@0.0.1 No README.md file found!
6 verbose readDependencies using package.json deps
7 verbose install where, deps [ '/home/abalbi/dev/js/ludumjs',
7 verbose install   [ 'express',
7 verbose install     'mongodb',
7 verbose install     'jade',
7 verbose install     'monk',
7 verbose install     'supervisor',
7 verbose install     'jasmine-node',
7 verbose install     'karma',
7 verbose install     'angular-scenario' ] ]
8 verbose from cache /home/abalbi/dev/js/ludumjs/package.json
9 info preinstall application-name@0.0.1
10 verbose read json /home/abalbi/dev/js/ludumjs/node_modules/express/package.json
11 verbose read json /home/abalbi/dev/js/ludumjs/node_modules/jade/package.json
12 verbose read json /home/abalbi/dev/js/ludumjs/node_modules/jasmine-node/package.json
13 verbose read json /home/abalbi/dev/js/ludumjs/node_modules/karma/package.json
14 verbose read json /home/abalbi/dev/js/ludumjs/node_modules/karma-chrome-launcher/package.json
15 verbose read json /home/abalbi/dev/js/ludumjs/node_modules/karma-coffee-preprocessor/package.json
16 verbose read json /home/abalbi/dev/js/ludumjs/node_modules/karma-firefox-launcher/package.json
17 verbose read json /home/abalbi/dev/js/ludumjs/node_modules/karma-html2js-preprocessor/package.json
18 verbose read json /home/abalbi/dev/js/ludumjs/node_modules/karma-jasmine/package.json
19 verbose read json /home/abalbi/dev/js/ludumjs/node_modules/karma-phantomjs-launcher/package.json
20 verbose read json /home/abalbi/dev/js/ludumjs/node_modules/karma-requirejs/package.json
21 verbose read json /home/abalbi/dev/js/ludumjs/node_modules/karma-script-launcher/package.json
22 verbose read json /home/abalbi/dev/js/ludumjs/node_modules/mongodb/package.json
23 verbose read json /home/abalbi/dev/js/ludumjs/node_modules/monk/package.json
24 verbose read json /home/abalbi/dev/js/ludumjs/node_modules/supervisor/package.json
25 verbose from cache /home/abalbi/dev/js/ludumjs/package.json
26 verbose readDependencies using package.json deps
27 verbose from cache /home/abalbi/dev/js/ludumjs/node_modules/express/package.json
28 verbose from cache /home/abalbi/dev/js/ludumjs/node_modules/jade/package.json
29 verbose from cache /home/abalbi/dev/js/ludumjs/node_modules/jasmine-node/package.json
30 verbose from cache /home/abalbi/dev/js/ludumjs/node_modules/karma/package.json
31 verbose from cache /home/abalbi/dev/js/ludumjs/node_modules/karma-chrome-launcher/package.json
32 verbose from cache /home/abalbi/dev/js/ludumjs/node_modules/karma-coffee-preprocessor/package.json
33 verbose from cache /home/abalbi/dev/js/ludumjs/node_modules/karma-firefox-launcher/package.json
34 verbose from cache /home/abalbi/dev/js/ludumjs/node_modules/karma-html2js-preprocessor/package.json
35 verbose from cache /home/abalbi/dev/js/ludumjs/node_modules/karma-jasmine/package.json
36 verbose from cache /home/abalbi/dev/js/ludumjs/node_modules/karma-phantomjs-launcher/package.json
37 verbose from cache /home/abalbi/dev/js/ludumjs/node_modules/karma-requirejs/package.json
38 verbose from cache /home/abalbi/dev/js/ludumjs/node_modules/karma-script-launcher/package.json
39 verbose from cache /home/abalbi/dev/js/ludumjs/node_modules/mongodb/package.json
40 verbose from cache /home/abalbi/dev/js/ludumjs/node_modules/monk/package.json
41 verbose from cache /home/abalbi/dev/js/ludumjs/node_modules/supervisor/package.json
42 verbose already installed skipping karma@* /home/abalbi/dev/js/ludumjs
43 verbose already installed skipping monk@0.7.1 /home/abalbi/dev/js/ludumjs
44 verbose cache add [ 'angular-scenario@*', null ]
45 verbose cache add name=undefined spec="angular-scenario@*" args=["angular-scenario@*",null]
46 verbose parsed url { protocol: null,
46 verbose parsed url   slashes: null,
46 verbose parsed url   auth: null,
46 verbose parsed url   host: null,
46 verbose parsed url   port: null,
46 verbose parsed url   hostname: null,
46 verbose parsed url   hash: null,
46 verbose parsed url   search: null,
46 verbose parsed url   query: null,
46 verbose parsed url   pathname: 'angular-scenario@*',
46 verbose parsed url   path: 'angular-scenario@*',
46 verbose parsed url   href: 'angular-scenario@*' }
47 verbose cache add name="angular-scenario" spec="*" args=["angular-scenario","*"]
48 verbose parsed url { protocol: null,
48 verbose parsed url   slashes: null,
48 verbose parsed url   auth: null,
48 verbose parsed url   host: null,
48 verbose parsed url   port: null,
48 verbose parsed url   hostname: null,
48 verbose parsed url   hash: null,
48 verbose parsed url   search: null,
48 verbose parsed url   query: null,
48 verbose parsed url   pathname: '*',
48 verbose parsed url   path: '*',
48 verbose parsed url   href: '*' }
49 verbose addNamed [ 'angular-scenario', '*' ]
50 verbose addNamed [ null, '' ]
51 verbose already installed skipping supervisor@* /home/abalbi/dev/js/ludumjs
52 verbose already installed skipping jasmine-node@* /home/abalbi/dev/js/ludumjs
53 verbose already installed skipping express@3.4.0 /home/abalbi/dev/js/ludumjs
54 verbose already installed skipping mongodb@1.3.19 /home/abalbi/dev/js/ludumjs
55 verbose already installed skipping jade@* /home/abalbi/dev/js/ludumjs
56 silly lockFile fcca17ce-angular-scenario angular-scenario@*
57 verbose lock angular-scenario@* /home/abalbi/.npm/fcca17ce-angular-scenario.lock
58 silly addNameRange { name: 'angular-scenario', range: '', hasData: false }
59 verbose url raw angular-scenario
60 verbose url resolving [ 'https://registry.npmjs.org/', './angular-scenario' ]
61 verbose url resolved https://registry.npmjs.org/angular-scenario
62 info trying registry request attempt 1 at 23:16:51
63 http GET https://registry.npmjs.org/angular-scenario
64 http 404 https://registry.npmjs.org/angular-scenario
65 silly registry.get cb [ 404,
65 silly registry.get   { server: 'CouchDB/1.3.1 (Erlang OTP/R15B03)',
65 silly registry.get     date: 'Thu, 31 Oct 2013 02:16:53 GMT',
65 silly registry.get     'content-type': 'application/json',
65 silly registry.get     'content-length': '52',
65 silly registry.get     'cache-control': 'must-revalidate' } ]
66 silly lockFile fcca17ce-angular-scenario angular-scenario@*
67 silly lockFile fcca17ce-angular-scenario angular-scenario@*
68 error 404 'angular-scenario' is not in the npm registry.
68 error 404 You should bug the author to publish it
68 error 404
68 error 404 Note that you can also install from a
68 error 404 tarball, folder, or http url, or git url.
69 error System Linux 3.2.0-55-generic
70 error command "/home/abalbi/v0.10.4/bin/node" "/home/abalbi/v0.10.4/bin/npm" "install"
71 error cwd /home/abalbi/dev/js/ludumjs
72 error node -v v0.10.4
73 error npm -v 1.2.18
74 error code E404
75 verbose exit [ 1, true ]
